Build started 22/12/2016 11:31:37.
     1>Project "C:\Users\Dave\Desktop\WallySearch\WallySearch\WallySearch.vcxproj" on node 2 (Build target(s)).
     1>ClCompile:
         C:\Program Files (x86)\Microsoft Visual Studio 14.0\VC\bin\CL.exe /c /Zi /nologo /W3 /WX- /sdl /O2 /Oi /Oy- /GL /D _MBCS /Gm- /EHsc /MD /GS /Gy /fp:precise /Zc:wchar_t /Zc:forScope /Zc:inline /Fo"Release\\" /Fd"Release\vc140.pdb" /Gd /TP /analyze- /errorReport:prompt BaseImg.cpp LargeImg.cpp Main.cpp MatchImg.cpp
         BaseImg.cpp
     1>BaseImg.cpp(60): warning C4101: 'j': unreferenced local variable
         LargeImg.cpp
         Main.cpp
         MatchImg.cpp
       Link:
         C:\Program Files (x86)\Microsoft Visual Studio 14.0\VC\bin\link.exe /ERRORREPORT:PROMPT /OUT:"C:\Users\Dave\Desktop\WallySearch\Release\WallySearch.exe" /NOLOGO kernel32.lib user32.lib gdi32.lib winspool.lib comdlg32.lib advapi32.lib shell32.lib ole32.lib oleaut32.lib uuid.lib odbc32.lib odbccp32.lib /MANIFEST /MANIFESTUAC:"level='asInvoker' uiAccess='false'" /manifest:embed /Debug /PDB:"C:\Users\Dave\Desktop\WallySearch\Release\WallySearch.pdb" /OPT:REF /OPT:ICF /LTCG:incremental /TLBID:1 /DYNAMICBASE /NXCOMPAT /IMPLIB:"C:\Users\Dave\Desktop\WallySearch\Release\WallySearch.lib" /MACHINE:X86 /SAFESEH Release\BaseImg.obj
         Release\LargeImg.obj
         Release\Main.obj
         Release\MatchImg.obj
         Generating code
         269 of 272 functions (98.9%) were compiled, the rest were copied from previous compilation.
           2 functions were new in current compilation
           0 functions had inline decision re-evaluated but remain unchanged
         Finished generating code
         WallySearch.vcxproj -> C:\Users\Dave\Desktop\WallySearch\Release\WallySearch.exe
     1>Done Building Project "C:\Users\Dave\Desktop\WallySearch\WallySearch\WallySearch.vcxproj" (Build target(s)).

Build succeeded.

Time Elapsed 00:00:02.20
